#
# There is insufficient memory for the Java Runtime Environment to continue.
# Native memory allocation (malloc) failed to allocate 1104016 bytes for Chunk::new
# Possible reasons:
#   The system is out of physical RAM or swap space
#   In 32 bit mode, the process size limit was hit
# Possible solutions:
#   Reduce memory load on the system
#   Increase physical memory or swap space
#   Check if swap backing store is full
#   Use 64 bit Java on a 64 bit OS
#   Decrease Java heap size (-Xmx/-Xms)
#   Decrease number of Java threads
#   Decrease Java thread stack sizes (-Xss)
#   Set larger code cache with -XX:ReservedCodeCacheSize=
# This output file may be truncated or incomplete.
#
#  Out of Memory Error (allocation.cpp:390), pid=65612, tid=0x000000000001626c
#
# JRE version: Java(TM) SE Runtime Environment (8.0_181-b13) (build 1.8.0_181-b13)
# Java VM: Java HotSpot(TM) 64-Bit Server VM (25.181-b13 mixed mode windows-amd64 compressed oops)
# Failed to write core dump. Minidumps are not enabled by default on client versions of Windows
#

---------------  T H R E A D  ---------------

Current thread (0x000000001e5fd800):  JavaThread "C2 CompilerThread2" daemon [_thread_in_native, id=90732, stack(0x000000001ed20000,0x000000001ee20000)]

Stack: [0x000000001ed20000,0x000000001ee20000]
[error occurred during error reporting (printing stack bounds), id 0xc0000005]

Native frames: (J=compiled Java code, j=interpreted, Vv=VM code, C=native code)


Current CompileTask:
C2: 119325 14203       4       org.eclipse.aether.util.graph.manager.ClassicDependencyManager::deriveChildManager (484 bytes)


---------------  P R O C E S S  ---------------

Java Threads: ( => current thread )
  0x000000001e61f000 JavaThread "Service Thread" daemon [_thread_blocked, id=87468, stack(0x000000001ef20000,0x000000001f020000)]
  0x000000001e61e800 JavaThread "C1 CompilerThread3" daemon [_thread_blocked, id=90540, stack(0x000000001ee20000,0x000000001ef20000)]
=>0x000000001e5fd800 JavaThread "C2 CompilerThread2" daemon [_thread_in_native, id=90732, stack(0x000000001ed20000,0x000000001ee20000)]
  0x000000001e60d800 JavaThread "C2 CompilerThread1" daemon [_thread_blocked, id=81748, stack(0x000000001ec20000,0x000000001ed20000)]
  0x000000001e5f6800 JavaThread "C2 CompilerThread0" daemon [_thread_blocked, id=82088, stack(0x000000001eb20000,0x000000001ec20000)]
  0x000000001e5f5000 JavaThread "Monitor Ctrl-Break" daemon [_thread_in_native, id=78476, stack(0x000000001ea20000,0x000000001eb20000)]
  0x000000001e3af800 JavaThread "Attach Listener" daemon [_thread_blocked, id=87212, stack(0x000000001e920000,0x000000001ea20000)]
  0x000000001e359800 JavaThread "Signal Dispatcher" daemon [_thread_blocked, id=82500, stack(0x000000001e820000,0x000000001e920000)]
  0x000000001e340800 JavaThread "Finalizer" daemon [_thread_blocked, id=87228, stack(0x000000001e720000,0x000000001e820000)]
  0x000000001c44c800 JavaThread "Reference Handler" daemon [_thread_blocked, id=71100, stack(0x000000001e220000,0x000000001e320000)]
  0x0000000002a02800 JavaThread "main" [_thread_in_native, id=86536, stack(0x0000000002400000,0x0000000002500000)]

Other Threads:
  0x000000001c448800 VMThread [stack: 0x000000001e120000,0x000000001e220000] [id=81648]
  0x000000001e5f7000 WatcherThread [stack: 0x000000001f020000,0x000000001f120000] [id=87312]

VM state:not at safepoint (normal execution)

VM Mutex/Monitor currently owned by a thread: None

Heap:
 PSYoungGen      total 1311232K, used 1011784K [0x000000076bb80000, 0x00000007c0000000, 0x00000007c0000000)
  eden space 1240064K, 78% used [0x000000076bb80000,0x00000007a71ac490,0x00000007b7680000)
  from space 71168K, 54% used [0x00000007bba80000,0x00000007be065d38,0x00000007c0000000)
  to   space 69632K, 0% used [0x00000007b7680000,0x00000007b7680000,0x00000007bba80000)
 ParOldGen       total 284160K, used 222462K [0x00000006c3200000, 0x00000006d4780000, 0x000000076bb80000)
  object space 284160K, 78% used [0x00000006c3200000,0x00000006d0b3f900,0x00000006d4780000)
 Metaspace       used 43736K, capacity 45086K, committed 45184K, reserved 1089536K
  class space    used 5062K, capacity 5406K, committed 5504K, reserved 1048576K

Card table byte_map: [0x0000000011ec0000,0x00000000126b0000] byte_map_base: 0x000000000e8a7000

Marking Bits: (ParMarkBitMap*) 0x0000000057a32d00
 Begin Bits: [0x0000000013400000, 0x0000000017338000)
 End Bits:   [0x0000000017338000, 0x000000001b270000)

Polling page: 0x0000000000b70000

CodeCache: size=245760Kb used=42674Kb max_used=42867Kb free=203085Kb
 bounds [0x0000000002b00000, 0x0000000005520000, 0x0000000011b00000]
 total_blobs=10219 nmethods=9704 adapters=426
 compilation: enabled

Compilation events (10 events):
Event: 119.029 Thread 0x000000001e5f6800 nmethod 14201 0x0000000004ef43d0 code [0x0000000004ef4520, 0x0000000004ef4658]
Event: 119.029 Thread 0x000000001e5f6800 14202       4       org.eclipse.aether.util.graph.selector.OptionalDependencySelector::deriveChildSelector (24 bytes)
Event: 119.031 Thread 0x000000001e5f6800 nmethod 14202 0x0000000004ef40d0 code [0x0000000004ef4220, 0x0000000004ef4318]
Event: 119.031 Thread 0x000000001e5f6800 14205       4       org.eclipse.aether.util.graph.manager.ClassicDependencyManager::hashCode (90 bytes)
Event: 119.031 Thread 0x000000001e61e800 14204       3       org.eclipse.aether.util.graph.selector.ExclusionDependencySelector::equals (45 bytes)
Event: 119.031 Thread 0x000000001e61e800 nmethod 14204 0x000000000488ac10 code [0x000000000488ada0, 0x000000000488b318]
Event: 119.039 Thread 0x000000001e60d800 nmethod 14196% 0x00000000053a5e90 code [0x00000000053a6140, 0x00000000053a7e88]
Event: 119.040 Thread 0x000000001e60d800 14206       4       org.eclipse.aether.util.graph.traverser.FatArtifactTraverser::hashCode (8 bytes)
Event: 119.040 Thread 0x000000001e60d800 nmethod 14206 0x00000000031de050 code [0x00000000031de1a0, 0x00000000031de248]
Event: 119.159 Thread 0x000000001e5f6800 nmethod 14205 0x00000000053a1e10 code [0x00000000053a2040, 0x00000000053a3cf8]

GC Heap History (10 events):
Event: 92.978 GC heap before
{Heap before GC invocations=27 (full 3):
 PSYoungGen      total 836608K, used 787968K [0x000000076bb80000, 0x00000007ae300000, 0x00000007c0000000)
  eden space 787968K, 100% used [0x000000076bb80000,0x000000079bd00000,0x000000079bd00000)
  from space 48640K, 0% used [0x000000079bd00000,0x000000079bd00000,0x000000079ec80000)
  to   space 52224K, 0% used [0x00000007ab000000,0x00000007ab000000,0x00000007ae300000)
 ParOldGen       total 284160K, used 94461K [0x00000006c3200000, 0x00000006d4780000, 0x000000076bb80000)
  object space 284160K, 33% used [0x00000006c3200000,0x00000006c8e3f4b0,0x00000006d4780000)
 Metaspace       used 40207K, capacity 41306K, committed 41856K, reserved 1085440K
  class space    used 4646K, capacity 4918K, committed 4992K, reserved 1048576K
Event: 93.015 GC heap after
Heap after GC invocations=27 (full 3):
 PSYoungGen      total 998400K, used 35174K [0x000000076bb80000, 0x00000007ad280000, 0x00000007c0000000)
  eden space 963072K, 0% used [0x000000076bb80000,0x000000076bb80000,0x00000007a6800000)
  from space 35328K, 99% used [0x00000007ab000000,0x00000007ad259b08,0x00000007ad280000)
  to   space 53248K, 0% used [0x00000007a6a80000,0x00000007a6a80000,0x00000007a9e80000)
 ParOldGen       total 284160K, used 94469K [0x00000006c3200000, 0x00000006d4780000, 0x000000076bb80000)
  object space 284160K, 33% used [0x00000006c3200000,0x00000006c8e414b0,0x00000006d4780000)
 Metaspace       used 40207K, capacity 41306K, committed 41856K, reserved 1085440K
  class space    used 4646K, capacity 4918K, committed 4992K, reserved 1048576K
}
Event: 96.234 GC heap before
{Heap before GC invocations=28 (full 3):
 PSYoungGen      total 998400K, used 998246K [0x000000076bb80000, 0x00000007ad280000, 0x00000007c0000000)
  eden space 963072K, 100% used [0x000000076bb80000,0x00000007a6800000,0x00000007a6800000)
  from space 35328K, 99% used [0x00000007ab000000,0x00000007ad259b08,0x00000007ad280000)
  to   space 53248K, 0% used [0x00000007a6a80000,0x00000007a6a80000,0x00000007a9e80000)
 ParOldGen       total 284160K, used 94469K [0x00000006c3200000, 0x00000006d4780000, 0x000000076bb80000)
  object space 284160K, 33% used [0x00000006c3200000,0x00000006c8e414b0,0x00000006d4780000)
 Metaspace       used 40279K, capacity 41388K, committed 41856K, reserved 1085440K
  class space    used 4653K, capacity 4921K, committed 4992K, reserved 1048576K
Event: 96.311 GC heap after
Heap after GC invocations=28 (full 3):
 PSYoungGen      total 1018880K, used 24961K [0x000000076bb80000, 0x00000007b7000000, 0x00000007c0000000)
  eden space 965632K, 0% used [0x000000076bb80000,0x000000076bb80000,0x00000007a6a80000)
  from space 53248K, 46% used [0x00000007a6a80000,0x00000007a82e0470,0x00000007a9e80000)
  to   space 50688K, 0% used [0x00000007b3e80000,0x00000007b3e80000,0x00000007b7000000)
 ParOldGen       total 284160K, used 127403K [0x00000006c3200000, 0x00000006d4780000, 0x000000076bb80000)
  object space 284160K, 44% used [0x00000006c3200000,0x00000006cae6af08,0x00000006d4780000)
 Metaspace       used 40279K, capacity 41388K, committed 41856K, reserved 1085440K
  class space    used 4653K, capacity 4921K, committed 4992K, reserved 1048576K
}
Event: 99.504 GC heap before
{Heap before GC invocations=29 (full 3):
 PSYoungGen      total 1018880K, used 990593K [0x000000076bb80000, 0x00000007b7000000, 0x00000007c0000000)
  eden space 965632K, 100% used [0x000000076bb80000,0x00000007a6a80000,0x00000007a6a80000)
  from space 53248K, 46% used [0x00000007a6a80000,0x00000007a82e0470,0x00000007a9e80000)
  to   space 50688K, 0% used [0x00000007b3e80000,0x00000007b3e80000,0x00000007b7000000)
 ParOldGen       total 284160K, used 127403K [0x00000006c3200000, 0x00000006d4780000, 0x000000076bb80000)
  object space 284160K, 44% used [0x00000006c3200000,0x00000006cae6af08,0x00000006d4780000)
 Metaspace       used 40347K, capacity 41460K, committed 41856K, reserved 1085440K
  class space    used 4656K, capacity 4924K, committed 4992K, reserved 1048576K
Event: 99.605 GC heap after
Heap after GC invocations=29 (full 3):
 PSYoungGen      total 1165312K, used 50659K [0x000000076bb80000, 0x00000007ba180000, 0x00000007c0000000)
  eden space 1114624K, 0% used [0x000000076bb80000,0x000000076bb80000,0x00000007afc00000)
  from space 50688K, 99% used [0x00000007b3e80000,0x00000007b6ff8f08,0x00000007b7000000)
  to   space 68096K, 0% used [0x00000007afc00000,0x00000007afc00000,0x00000007b3e80000)
 ParOldGen       total 284160K, used 156357K [0x00000006c3200000, 0x00000006d4780000, 0x000000076bb80000)
  object space 284160K, 55% used [0x00000006c3200000,0x00000006ccab14d8,0x00000006d4780000)
 Metaspace       used 40347K, capacity 41460K, committed 41856K, reserved 1085440K
  class space    used 4656K, capacity 4924K, committed 4992K, reserved 1048576K
}
Event: 106.712 GC heap before
{Heap before GC invocations=30 (full 3):
 PSYoungGen      total 1165312K, used 1165283K [0x000000076bb80000, 0x00000007ba180000, 0x00000007c0000000)
  eden space 1114624K, 100% used [0x000000076bb80000,0x00000007afc00000,0x00000007afc00000)
  from space 50688K, 99% used [0x00000007b3e80000,0x00000007b6ff8f08,0x00000007b7000000)
  to   space 68096K, 0% used [0x00000007afc00000,0x00000007afc00000,0x00000007b3e80000)
 ParOldGen       total 284160K, used 156357K [0x00000006c3200000, 0x00000006d4780000, 0x000000076bb80000)
  object space 284160K, 55% used [0x00000006c3200000,0x00000006ccab14d8,0x00000006d4780000)
 Metaspace       used 40536K, capacity 41620K, committed 41856K, reserved 1085440K
  class space    used 4669K, capacity 4956K, committed 4992K, reserved 1048576K
Event: 106.776 GC heap after
Heap after GC invocations=30 (full 3):
 PSYoungGen      total 1182720K, used 47807K [0x000000076bb80000, 0x00000007c0000000, 0x00000007c0000000)
  eden space 1114624K, 0% used [0x000000076bb80000,0x000000076bb80000,0x00000007afc00000)
  from space 68096K, 70% used [0x00000007afc00000,0x00000007b2aafce8,0x00000007b3e80000)
  to   space 71168K, 0% used [0x00000007bba80000,0x00000007bba80000,0x00000007c0000000)
 ParOldGen       total 284160K, used 183186K [0x00000006c3200000, 0x00000006d4780000, 0x000000076bb80000)
  object space 284160K, 64% used [0x00000006c3200000,0x00000006ce4e4958,0x00000006d4780000)
 Metaspace       used 40536K, capacity 41620K, committed 41856K, reserved 1085440K
  class space    used 4669K, capacity 4956K, committed 4992K, reserved 1048576K
}
Event: 113.440 GC heap before
{Heap before GC invocations=31 (full 3):
 PSYoungGen      total 1182720K, used 1162431K [0x000000076bb80000, 0x00000007c0000000, 0x00000007c0000000)
  eden space 1114624K, 100% used [0x000000076bb80000,0x00000007afc00000,0x00000007afc00000)
  from space 68096K, 70% used [0x00000007afc00000,0x00000007b2aafce8,0x00000007b3e80000)
  to   space 71168K, 0% used [0x00000007bba80000,0x00000007bba80000,0x00000007c0000000)
 ParOldGen       total 284160K, used 183186K [0x00000006c3200000, 0x00000006d4780000, 0x000000076bb80000)
  object space 284160K, 64% used [0x00000006c3200000,0x00000006ce4e4958,0x00000006d4780000)
 Metaspace       used 41944K, capacity 43166K, committed 43392K, reserved 1087488K
  class space    used 4845K, capacity 5140K, committed 5248K, reserved 1048576K
Event: 113.532 GC heap after
Heap after GC invocations=31 (full 3):
 PSYoungGen      total 1311232K, used 38807K [0x000000076bb80000, 0x00000007c0000000, 0x00000007c0000000)
  eden space 1240064K, 0% used [0x000000076bb80000,0x000000076bb80000,0x00000007b7680000)
  from space 71168K, 54% used [0x00000007bba80000,0x00000007be065d38,0x00000007c0000000)
  to   space 69632K, 0% used [0x00000007b7680000,0x00000007b7680000,0x00000007bba80000)
 ParOldGen       total 284160K, used 222462K [0x00000006c3200000, 0x00000006d4780000, 0x000000076bb80000)
  object space 284160K, 78% used [0x00000006c3200000,0x00000006d0b3f900,0x00000006d4780000)
 Metaspace       used 41944K, capacity 43166K, committed 43392K, reserved 1087488K
  class space    used 4845K, capacity 5140K, committed 5248K, reserved 1048576K
}

Deoptimization events (10 events):
Event: 117.177 Thread 0x0000000002a02800 Uncommon trap: reason=class_check action=maybe_recompile pc=0x00000000042cab08 method=java.util.ComparableTimSort.mergeLo(IIII)V @ 176
Event: 117.177 Thread 0x0000000002a02800 Uncommon trap: reason=class_check action=maybe_recompile pc=0x00000000039daab4 method=java.util.ComparableTimSort.binarySort([Ljava/lang/Object;III)V @ 94
Event: 117.177 Thread 0x0000000002a02800 Uncommon trap: reason=class_check action=maybe_recompile pc=0x00000000042cab08 method=java.util.ComparableTimSort.mergeLo(IIII)V @ 176
Event: 117.785 Thread 0x0000000002a02800 Uncommon trap: reason=unstable_if action=reinterpret pc=0x00000000037043b0 method=com.sun.tools.javac.code.Lint$AugmentVisitor.visitConstant(Lcom/sun/tools/javac/code/Attribute$Constant;)V @ 35
Event: 117.856 Thread 0x0000000002a02800 Uncommon trap: reason=unstable_if action=reinterpret pc=0x0000000004ff238c method=com.sun.tools.javac.comp.Check$ClashFilter.accepts(Lcom/sun/tools/javac/code/Symbol;)Z @ 48
Event: 117.858 Thread 0x0000000002a02800 Uncommon trap: reason=unstable_if action=reinterpret pc=0x000000000481e734 method=com.sun.tools.javac.code.Symbol.hiddenInInternal(Lcom/sun/tools/javac/code/Symbol$ClassSymbol;Lcom/sun/tools/javac/code/Types;)Lcom/sun/tools/javac/code/Symbol; @ 65
Event: 117.866 Thread 0x0000000002a02800 Uncommon trap: reason=unstable_if action=reinterpret pc=0x0000000004486dc8 method=com.sun.tools.javac.util.Convert.chars2utf([CI[BII)I @ 56
Event: 117.867 Thread 0x0000000002a02800 Uncommon trap: reason=unstable_if action=reinterpret pc=0x00000000054c8550 method=lombok.bytecode.ClassFileMetaData.decodeString(II)Ljava/lang/String; @ 61
Event: 118.147 Thread 0x0000000002a02800 Uncommon trap: reason=unstable_if action=reinterpret pc=0x0000000004a56664 method=com.sun.tools.javac.comp.Resolve$MostSpecificCheck$MostSpecificCheckContext.unrelatedFunctionalInterfaces(Lcom/sun/tools/javac/code/Type;Lcom/sun/tools/javac/code/Type;)Z @ 
Event: 118.349 Thread 0x0000000002a02800 Uncommon trap: reason=unstable_if action=reinterpret pc=0x0000000004872ec4 method=org.codehaus.plexus.util.SelectorUtils.equals(CCZ)Z @ 2

Classes redefined (0 events):
No events

Internal exceptions (10 events):
Event: 105.103 Thread 0x0000000002a02800 Implicit null exception at 0x0000000004aadb9d to 0x0000000004ab0796
Event: 106.149 Thread 0x0000000002a02800 Exception <a 'java/lang/NoSuchMethodError': org.apache.maven.execution.MavenExecutionRequest.getFailureBehavior()Ljava/lang/String;> (0x00000007ad810c28) thrown at [C:\re\workspace\8-2-build-windows-amd64-cygwin\jdk8u181\11358\hotspot\src\share\vm\interpr
Event: 108.640 Thread 0x0000000002a02800 Exception <a 'java/io/FileNotFoundException'> (0x0000000779cbc938) thrown at [C:\re\workspace\8-2-build-windows-amd64-cygwin\jdk8u181\11358\hotspot\src\share\vm\prims\jni.cpp, line 709]
Event: 108.641 Thread 0x0000000002a02800 Exception <a 'java/io/FileNotFoundException'> (0x0000000779cbe258) thrown at [C:\re\workspace\8-2-build-windows-amd64-cygwin\jdk8u181\11358\hotspot\src\share\vm\prims\jni.cpp, line 709]
Event: 111.521 Thread 0x0000000002a02800 Exception <a 'java/lang/NoSuchMethodError': org.apache.maven.execution.MavenExecutionRequest.getFailureBehavior()Ljava/lang/String;> (0x000000078bc01f30) thrown at [C:\re\workspace\8-2-build-windows-amd64-cygwin\jdk8u181\11358\hotspot\src\share\vm\interpr
Event: 113.035 Thread 0x0000000002a02800 Exception <a 'java/io/FileNotFoundException'> (0x00000007959fd738) thrown at [C:\re\workspace\8-2-build-windows-amd64-cygwin\jdk8u181\11358\hotspot\src\share\vm\prims\jni.cpp, line 709]
Event: 113.036 Thread 0x0000000002a02800 Exception <a 'java/io/FileNotFoundException'> (0x00000007959ff058) thrown at [C:\re\workspace\8-2-build-windows-amd64-cygwin\jdk8u181\11358\hotspot\src\share\vm\prims\jni.cpp, line 709]
Event: 113.963 Thread 0x0000000002a02800 Exception <a 'java/io/FileNotFoundException'> (0x0000000779fd51a8) thrown at [C:\re\workspace\8-2-build-windows-amd64-cygwin\jdk8u181\11358\hotspot\src\share\vm\prims\jni.cpp, line 709]
Event: 117.171 Thread 0x0000000002a02800 Exception <a 'java/io/FileNotFoundException'> (0x00000007963bfe20) thrown at [C:\re\workspace\8-2-build-windows-amd64-cygwin\jdk8u181\11358\hotspot\src\share\vm\prims\jni.cpp, line 709]
Event: 118.339 Thread 0x0000000002a02800 Exception <a 'java/lang/NoSuchMethodError': org.apache.maven.execution.MavenExecutionRequest.getFailureBehavior()Ljava/lang/String;> (0x000000079ecbd5b8) thrown at [C:\re\workspace\8-2-build-windows-amd64-cygwin\jdk8u181\11358\hotspot\src\share\vm\interpr

Events (10 events):
Event: 118.969 Thread 0x000000001e61e800 flushing nmethod 0x000000000412bdd0
Event: 118.971 Thread 0x000000001e61e800 flushing nmethod 0x0000000004418d90
Event: 118.971 Thread 0x000000001e61e800 flushing nmethod 0x00000000045e5fd0
Event: 118.973 Thread 0x000000001e61e800 flushing nmethod 0x000000000488aa90
Event: 118.975 Thread 0x000000001e61e800 flushing nmethod 0x0000000004c67ad0
Event: 118.976 Thread 0x000000001e61e800 flushing nmethod 0x0000000004ef3e90
Event: 118.981 loading class java/util/Hashtable$1
Event: 118.981 loading class java/util/Hashtable$1 done
Event: 118.984 Thread 0x000000001e5fd800 flushing nmethod 0x00000000052f0910
Event: 118.984 Thread 0x000000001e5fd800 flushing nmethod 0x00000000053a1950


Dynamic libraries:
0x00007ff60e700000 - 0x00007ff60e737000 	C:\Program Files\Java\jdk1.8.0_181\bin\java.exe
0x00007ffd4c400000 - 0x00007ffd4c609000 	C:\WINDOWS\SYSTEM32\ntdll.dll
0x00007ffd4a540000 - 0x00007ffd4a5fd000 	C:\WINDOWS\System32\KERNEL32.DLL
0x00007ffd49b40000 - 0x00007ffd49eb9000 	C:\WINDOWS\System32\KERNELBASE.dll
0x00007ffd4abb0000 - 0x00007ffd4ac5e000 	C:\WINDOWS\System32\ADVAPI32.dll
0x00007ffd4a2a0000 - 0x00007ffd4a343000 	C:\WINDOWS\System32\msvcrt.dll
0x00007ffd4a600000 - 0x00007ffd4a69e000 	C:\WINDOWS\System32\sechost.dll
0x00007ffd4a420000 - 0x00007ffd4a540000 	C:\WINDOWS\System32\RPCRT4.dll
0x00007ffd4bf00000 - 0x00007ffd4c0ac000 	C:\WINDOWS\System32\USER32.dll
0x00007ffd4a100000 - 0x00007ffd4a126000 	C:\WINDOWS\System32\win32u.dll
0x00007ffd4a7c0000 - 0x00007ffd4a7e9000 	C:\WINDOWS\System32\GDI32.dll
0x00007ffd49ec0000 - 0x00007ffd49fd2000 	C:\WINDOWS\System32\gdi32full.dll
0x00007ffd4a130000 - 0x00007ffd4a1cd000 	C:\WINDOWS\System32\msvcp_win.dll
0x00007ffd49fe0000 - 0x00007ffd4a0f1000 	C:\WINDOWS\System32\ucrtbase.dll
0x00007ffd2cd00000 - 0x00007ffd2cfa5000 	C:\WINDOWS\WinSxS\amd64_microsoft.windows.common-controls_6595b64144ccf1df_6.0.22000.120_none_9d947278b86cc467\COMCTL32.dll
0x00007ffd4c110000 - 0x00007ffd4c141000 	C:\WINDOWS\System32\IMM32.DLL
0x0000000059060000 - 0x0000000059132000 	C:\Program Files\Java\jdk1.8.0_181\jre\bin\msvcr100.dll
0x0000000057210000 - 0x0000000057ab2000 	C:\Program Files\Java\jdk1.8.0_181\jre\bin\server\jvm.dll
0x00007ffd4a290000 - 0x00007ffd4a298000 	C:\WINDOWS\System32\PSAPI.DLL
0x00007ffd3e980000 - 0x00007ffd3e98a000 	C:\WINDOWS\SYSTEM32\VERSION.dll
0x00007ffd3ecb0000 - 0x00007ffd3ece3000 	C:\WINDOWS\SYSTEM32\WINMM.dll
0x00007ffd45fc0000 - 0x00007ffd45fc9000 	C:\WINDOWS\SYSTEM32\WSOCK32.dll
0x00007ffd4a350000 - 0x00007ffd4a3bf000 	C:\WINDOWS\System32\WS2_32.dll
0x0000000059210000 - 0x000000005921f000 	C:\Program Files\Java\jdk1.8.0_181\jre\bin\verify.dll
0x00000000591e0000 - 0x0000000059209000 	C:\Program Files\Java\jdk1.8.0_181\jre\bin\java.dll
0x0000000058ff0000 - 0x0000000059013000 	C:\Program Files\Java\jdk1.8.0_181\jre\bin\instrument.dll
0x00000000591c0000 - 0x00000000591d6000 	C:\Program Files\Java\jdk1.8.0_181\jre\bin\zip.dll
0x00007ffd4ac60000 - 0x00007ffd4b418000 	C:\WINDOWS\System32\SHELL32.dll
0x00007ffd47a20000 - 0x00007ffd48287000 	C:\WINDOWS\SYSTEM32\windows.storage.dll
0x00007ffd4bb10000 - 0x00007ffd4be89000 	C:\WINDOWS\System32\combase.dll
0x00007ffd478b0000 - 0x00007ffd47a16000 	C:\WINDOWS\SYSTEM32\wintypes.dll
0x00007ffd4aa10000 - 0x00007ffd4aafa000 	C:\WINDOWS\System32\SHCORE.dll
0x00007ffd4a3c0000 - 0x00007ffd4a41d000 	C:\WINDOWS\System32\shlwapi.dll
0x00007ffd49810000 - 0x00007ffd49831000 	C:\WINDOWS\SYSTEM32\profapi.dll
0x00007ffd37fa0000 - 0x00007ffd37fba000 	D:\IntelliJ IDEA 2020.1.4\bin\breakgen64.dll
0x00000000591a0000 - 0x00000000591ba000 	C:\Program Files\Java\jdk1.8.0_181\jre\bin\net.dll
0x00007ffd48f00000 - 0x00007ffd48f67000 	C:\WINDOWS\system32\mswsock.dll
0x00007ffd49140000 - 0x00007ffd49158000 	C:\WINDOWS\SYSTEM32\CRYPTSP.dll
0x00007ffd489b0000 - 0x00007ffd489e5000 	C:\WINDOWS\system32\rsaenh.dll
0x00007ffd48ff0000 - 0x00007ffd49019000 	C:\WINDOWS\SYSTEM32\USERENV.dll
0x00007ffd492c0000 - 0x00007ffd492e7000 	C:\WINDOWS\SYSTEM32\bcrypt.dll
0x00007ffd49ac0000 - 0x00007ffd49b3f000 	C:\WINDOWS\System32\bcryptprimitives.dll
0x00007ffd49160000 - 0x00007ffd4916c000 	C:\WINDOWS\SYSTEM32\CRYPTBASE.dll
0x00007ffd48550000 - 0x00007ffd4857d000 	C:\WINDOWS\SYSTEM32\IPHLPAPI.DLL
0x00007ffd4b990000 - 0x00007ffd4b999000 	C:\WINDOWS\System32\NSI.dll
0x00007ffd3e960000 - 0x00007ffd3e979000 	C:\WINDOWS\SYSTEM32\dhcpcsvc6.DLL
0x00007ffd3f100000 - 0x00007ffd3f11e000 	C:\WINDOWS\SYSTEM32\dhcpcsvc.DLL
0x00007ffd485c0000 - 0x00007ffd486a8000 	C:\WINDOWS\SYSTEM32\DNSAPI.dll
0x0000000059180000 - 0x0000000059191000 	C:\Program Files\Java\jdk1.8.0_181\jre\bin\nio.dll
0x00007ffd34010000 - 0x00007ffd3401a000 	C:\Users\admin\AppData\Local\Temp\jansi-1.17.1-4307859837107525223.dll
0x00007ffd33440000 - 0x00007ffd3344a000 	C:\Users\admin\AppData\Local\Temp\jansi-1.17.1-4480449561490941490.dll
0x0000000059150000 - 0x000000005915d000 	C:\Program Files\Java\jdk1.8.0_181\jre\bin\management.dll
0x00007ffd13cb0000 - 0x00007ffd13cc7000 	C:\WINDOWS\system32\napinsp.dll
0x00007ffd13880000 - 0x00007ffd1389b000 	C:\WINDOWS\system32\pnrpnsp.dll
0x00007ffd10370000 - 0x00007ffd10382000 	C:\WINDOWS\System32\winrnr.dll
0x00007ffd3ccc0000 - 0x00007ffd3ccd5000 	C:\WINDOWS\system32\wshbth.dll
0x00007ffd10390000 - 0x00007ffd103af000 	C:\WINDOWS\system32\nlansp_c.dll
0x00007ffd3cc90000 - 0x00007ffd3cc9a000 	C:\Windows\System32\rasadhlp.dll
0x00007ffd3b720000 - 0x00007ffd3b7a1000 	C:\WINDOWS\System32\fwpuclnt.dll
0x0000000058fc0000 - 0x0000000058fe4000 	C:\Program Files\Java\jdk1.8.0_181\jre\bin\sunec.dll
0x0000000058fb0000 - 0x0000000058fbb000 	C:\Program Files\Java\jdk1.8.0_181\jre\bin\sunmscapi.dll
0x00007ffd498e0000 - 0x00007ffd49a42000 	C:\WINDOWS\System32\CRYPT32.dll

VM Arguments:
jvm_args: -Dmaven.multiModuleProjectDirectory=D:\workSpace\nos_backend -Dmaven.home=D:\apache-maven-3.6.3 -Dclassworlds.conf=D:\apache-maven-3.6.3\bin\m2.conf -Dmaven.ext.class.path=D:\IntelliJ IDEA 2020.1.4\plugins\maven\lib\maven-event-listener.jar -javaagent:C:\Users\admin\AppData\Roaming\JetBrains\IntelliJIdea2020.1\plugins\mysql-log-plugin\lib\mysql-log-agent-1.0.jar -Dmysql-log.projectId=32e2865a -javaagent:D:\IntelliJ IDEA 2020.1.4\lib\idea_rt.jar=60778:D:\IntelliJ IDEA 2020.1.4\bin -Dfile.encoding=UTF-8 
java_command: org.codehaus.classworlds.Launcher -Didea.version2020.1.4 -s D:\apache-maven-3.6.3\conf\settings.xml -Dmaven.repo.local=D:\apache-maven-3.6.3\maven-repository -DskipTests=true package
java_class_path (initial): D:\apache-maven-3.6.3\boot\plexus-classworlds-2.6.0.jar;D:\apache-maven-3.6.3\boot\plexus-classworlds.license;C:\Users\admin\AppData\Roaming\JetBrains\IntelliJIdea2020.1\plugins\mysql-log-plugin\lib\mysql-log-agent-1.0.jar;D:\IntelliJ IDEA 2020.1.4\lib\idea_rt.jar
Launcher Type: SUN_STANDARD

Environment Variables:
JAVA_HOME=C:\Program Files\Java\jdk1.8.0_181
CLASSPATH=.;C:\Program Files\Java\jdk1.8.0_181\lib\dt.jar;C:\Program Files\Java\jdk1.8.0_181\lib\tools.jar
PATH=C:\Program Files (x86)\Common Files\Oracle\Java\javapath;C:\Windows\system32;C:\Windows;C:\Windows\System32\Wbem;C:\Windows\System32\WindowsPowerShell\v1.0\;C:\Windows\System32\OpenSSH\;C:\Program Files (x86)\NVIDIA Corporation\PhysX\Common;C:\Program Files\NVIDIA Corporation\NVIDIA NvDLISR;D:\nodejs\;C:\Program Files\Java\jdk1.8.0_181\bin;C:\Program Files\Java\jdk1.8.0_181\jre\bin;D:\Git\cmd;D:\erl-23.3\bin;D:\apache-maven-3.6.3\bin;;C:\WINDOWS\system32;C:\WINDOWS;C:\WINDOWS\System32\Wbem;C:\WINDOWS\System32\WindowsPowerShell\v1.0\;C:\WINDOWS\System32\OpenSSH\;C:\Users\admin\AppData\Local\Microsoft\WindowsApps;C:\Users\admin\AppData\Roaming\npm
USERNAME=admin
OS=Windows_NT
PROCESSOR_IDENTIFIER=Intel64 Family 6 Model 140 Stepping 1, GenuineIntel



---------------  S Y S T E M  ---------------

OS: Windows 10.0 , 64 bit Build 22000 (10.0.22000.708)

CPU:total 8 (initial active 8) (4 cores per cpu, 2 threads per core) family 6 model 140 stepping 1, cmov, cx8, fxsr, mmx, sse, sse2, sse3, ssse3, sse4.1, sse4.2, popcnt, avx, avx2, aes, clmul, erms, 3dnowpref, lzcnt, ht, tsc, tscinvbit, bmi1, bmi2, adx

Memory: 4k page, physical 16571704k(568032k free), swap 29678900k(264k free)

vm_info: Java HotSpot(TM) 64-Bit Server VM (25.181-b13) for windows-amd64 JRE (1.8.0_181-b13), built on Jul  7 2018 04:01:33 by "java_re" with MS VC++ 10.0 (VS2010)

time: Mon Jul 25 08:48:06 2022
elapsed time: 119 seconds (0d 0h 1m 59s)

