#
# There is insufficient memory for the Java Runtime Environment to continue.
# Native memory allocation (malloc) failed to allocate 1249712 bytes for Chunk::new
# Possible reasons:
#   The system is out of physical RAM or swap space
#   In 32 bit mode, the process size limit was hit
# Possible solutions:
#   Reduce memory load on the system
#   Increase physical memory or swap space
#   Check if swap backing store is full
#   Use 64 bit Java on a 64 bit OS
#   Decrease Java heap size (-Xmx/-Xms)
#   Decrease number of Java threads
#   Decrease Java thread stack sizes (-Xss)
#   Set larger code cache with -XX:ReservedCodeCacheSize=
# This output file may be truncated or incomplete.
#
#  Out of Memory Error (allocation.cpp:390), pid=64840, tid=0x000000000000246c
#
# JRE version: Java(TM) SE Runtime Environment (8.0_181-b13) (build 1.8.0_181-b13)
# Java VM: Java HotSpot(TM) 64-Bit Server VM (25.181-b13 mixed mode windows-amd64 compressed oops)
# Failed to write core dump. Minidumps are not enabled by default on client versions of Windows
#

---------------  T H R E A D  ---------------

Current thread (0x000000001ea2a000):  JavaThread "C2 CompilerThread1" daemon [_thread_in_native, id=9324, stack(0x000000001f260000,0x000000001f360000)]

Stack: [0x000000001f260000,0x000000001f360000]
[error occurred during error reporting (printing stack bounds), id 0xc0000005]

Native frames: (J=compiled Java code, j=interpreted, Vv=VM code, C=native code)


Current CompileTask:
C2:  17409 6153   !   4       lombok.javac.JavacAST::drill (145 bytes)


---------------  P R O C E S S  ---------------

Java Threads: ( => current thread )
  0x000000001ea8e000 JavaThread "Service Thread" daemon [_thread_blocked, id=55232, stack(0x000000001f560000,0x000000001f660000)]
  0x000000001ea88000 JavaThread "C1 CompilerThread3" daemon [_thread_blocked, id=65796, stack(0x000000001f460000,0x000000001f560000)]
  0x000000001ea2b000 JavaThread "C2 CompilerThread2" daemon [_thread_in_native, id=54396, stack(0x000000001f360000,0x000000001f460000)]
=>0x000000001ea2a000 JavaThread "C2 CompilerThread1" daemon [_thread_in_native, id=9324, stack(0x000000001f260000,0x000000001f360000)]
  0x000000001ea26000 JavaThread "C2 CompilerThread0" daemon [_thread_in_native, id=59644, stack(0x000000001f160000,0x000000001f260000)]
  0x000000001ea25800 JavaThread "Attach Listener" daemon [_thread_blocked, id=69196, stack(0x000000001f060000,0x000000001f160000)]
  0x000000001ea82800 JavaThread "Signal Dispatcher" daemon [_thread_blocked, id=67864, stack(0x000000001ef60000,0x000000001f060000)]
  0x000000001ea10800 JavaThread "Finalizer" daemon [_thread_blocked, id=68788, stack(0x000000001edf0000,0x000000001eef0000)]
  0x000000001cb1d000 JavaThread "Reference Handler" daemon [_thread_blocked, id=65596, stack(0x000000001e8f0000,0x000000001e9f0000)]
  0x00000000030ce800 JavaThread "main" [_thread_in_Java, id=24388, stack(0x0000000002f60000,0x0000000003060000)]

Other Threads:
  0x000000001cb19000 VMThread [stack: 0x000000001e7f0000,0x000000001e8f0000] [id=63792]
  0x000000001ea91800 WatcherThread [stack: 0x000000001f660000,0x000000001f760000] [id=69520]

VM state:not at safepoint (normal execution)

VM Mutex/Monitor currently owned by a thread: None

Heap:
 PSYoungGen      total 162816K, used 20583K [0x000000076bb80000, 0x000000077a680000, 0x00000007c0000000)
  eden space 130560K, 9% used [0x000000076bb80000,0x000000076c821c08,0x0000000773b00000)
  from space 32256K, 23% used [0x0000000773b00000,0x0000000774278280,0x0000000775a80000)
  to   space 32768K, 0% used [0x0000000778680000,0x0000000778680000,0x000000077a680000)
 ParOldGen       total 136192K, used 75657K [0x00000006c3200000, 0x00000006cb700000, 0x000000076bb80000)
  object space 136192K, 55% used [0x00000006c3200000,0x00000006c7be2608,0x00000006cb700000)
 Metaspace       used 25422K, capacity 26104K, committed 26368K, reserved 1073152K
  class space    used 2843K, capacity 3001K, committed 3072K, reserved 1048576K

Card table byte_map: [0x0000000012590000,0x0000000012d80000] byte_map_base: 0x000000000ef77000

Marking Bits: (ParMarkBitMap*) 0x0000000057a32d00
 Begin Bits: [0x0000000013ad0000, 0x0000000017a08000)
 End Bits:   [0x0000000017a08000, 0x000000001b940000)

Polling page: 0x0000000001310000

CodeCache: size=245760Kb used=21081Kb max_used=21081Kb free=224678Kb
 bounds [0x00000000031d0000, 0x0000000004690000, 0x00000000121d0000]
 total_blobs=5736 nmethods=5319 adapters=329
 compilation: enabled

Compilation events (10 events):
Event: 17.400 Thread 0x000000001ea26000 nmethod 6159 0x0000000003bb10d0 code [0x0000000003bb1240, 0x0000000003bb15f8]
Event: 17.400 Thread 0x000000001ea26000 6155       4       lombok.javac.JavacAST::buildMethod (189 bytes)
Event: 17.401 Thread 0x000000001ea88000 6189       3       sun.reflect.ByteVectorImpl::put (27 bytes)
Event: 17.401 Thread 0x000000001ea88000 nmethod 6189 0x000000000464cad0 code [0x000000000464cc40, 0x000000000464ce68]
Event: 17.402 Thread 0x000000001ea88000 6190       3       lombok.javac.JavacTreeMaker::invoke (10 bytes)
Event: 17.402 Thread 0x000000001ea88000 nmethod 6190 0x0000000004667d90 code [0x0000000004667f00, 0x0000000004668088]
Event: 17.402 Thread 0x000000001ea88000 6191   !   3       lombok.javac.JavacTreeMaker::invokeAny (155 bytes)
Event: 17.404 Thread 0x000000001ea88000 nmethod 6191 0x000000000467e750 code [0x000000000467eb20, 0x0000000004680f28]
Event: 17.405 Thread 0x000000001ea88000 6192       1       lombok.javac.LombokOptions::getFormatPreferences (5 bytes)
Event: 17.405 Thread 0x000000001ea88000 nmethod 6192 0x00000000035ed1d0 code [0x00000000035ed320, 0x00000000035ed430]

GC Heap History (10 events):
Event: 11.758 GC heap before
{Heap before GC invocations=8 (full 1):
 PSYoungGen      total 83456K, used 8658K [0x000000076bb80000, 0x0000000776080000, 0x00000007c0000000)
  eden space 64512K, 0% used [0x000000076bb80000,0x000000076bb80000,0x000000076fa80000)
  from space 18944K, 45% used [0x000000076fa80000,0x00000007702f48c8,0x0000000770d00000)
  to   space 19968K, 0% used [0x0000000774d00000,0x0000000774d00000,0x0000000776080000)
 ParOldGen       total 173568K, used 24789K [0x00000006c3200000, 0x00000006cdb80000, 0x000000076bb80000)
  object space 173568K, 14% used [0x00000006c3200000,0x00000006c4a357d0,0x00000006cdb80000)
 Metaspace       used 20742K, capacity 21202K, committed 21248K, reserved 1069056K
  class space    used 2408K, capacity 2558K, committed 2560K, reserved 1048576K
Event: 11.923 GC heap after
Heap after GC invocations=8 (full 1):
 PSYoungGen      total 83456K, used 0K [0x000000076bb80000, 0x0000000776080000, 0x00000007c0000000)
  eden space 64512K, 0% used [0x000000076bb80000,0x000000076bb80000,0x000000076fa80000)
  from space 18944K, 0% used [0x000000076fa80000,0x000000076fa80000,0x0000000770d00000)
  to   space 19968K, 0% used [0x0000000774d00000,0x0000000774d00000,0x0000000776080000)
 ParOldGen       total 136192K, used 29384K [0x00000006c3200000, 0x00000006cb700000, 0x000000076bb80000)
  object space 136192K, 21% used [0x00000006c3200000,0x00000006c4eb2228,0x00000006cb700000)
 Metaspace       used 20742K, capacity 21202K, committed 21248K, reserved 1069056K
  class space    used 2408K, capacity 2558K, committed 2560K, reserved 1048576K
}
Event: 12.981 GC heap before
{Heap before GC invocations=9 (full 1):
 PSYoungGen      total 83456K, used 64512K [0x000000076bb80000, 0x0000000776080000, 0x00000007c0000000)
  eden space 64512K, 100% used [0x000000076bb80000,0x000000076fa80000,0x000000076fa80000)
  from space 18944K, 0% used [0x000000076fa80000,0x000000076fa80000,0x0000000770d00000)
  to   space 19968K, 0% used [0x0000000774d00000,0x0000000774d00000,0x0000000776080000)
 ParOldGen       total 136192K, used 29384K [0x00000006c3200000, 0x00000006cb700000, 0x000000076bb80000)
  object space 136192K, 21% used [0x00000006c3200000,0x00000006c4eb2228,0x00000006cb700000)
 Metaspace       used 22808K, capacity 23314K, committed 23552K, reserved 1071104K
  class space    used 2614K, capacity 2750K, committed 2816K, reserved 1048576K
Event: 13.005 GC heap after
Heap after GC invocations=9 (full 1):
 PSYoungGen      total 118784K, used 19649K [0x000000076bb80000, 0x0000000776080000, 0x00000007c0000000)
  eden space 98816K, 0% used [0x000000076bb80000,0x000000076bb80000,0x0000000771c00000)
  from space 19968K, 98% used [0x0000000774d00000,0x0000000776030478,0x0000000776080000)
  to   space 21504K, 0% used [0x0000000773680000,0x0000000773680000,0x0000000774b80000)
 ParOldGen       total 136192K, used 29411K [0x00000006c3200000, 0x00000006cb700000, 0x000000076bb80000)
  object space 136192K, 21% used [0x00000006c3200000,0x00000006c4eb8e78,0x00000006cb700000)
 Metaspace       used 22808K, capacity 23314K, committed 23552K, reserved 1071104K
  class space    used 2614K, capacity 2750K, committed 2816K, reserved 1048576K
}
Event: 14.284 GC heap before
{Heap before GC invocations=10 (full 1):
 PSYoungGen      total 118784K, used 118465K [0x000000076bb80000, 0x0000000776080000, 0x00000007c0000000)
  eden space 98816K, 100% used [0x000000076bb80000,0x0000000771c00000,0x0000000771c00000)
  from space 19968K, 98% used [0x0000000774d00000,0x0000000776030478,0x0000000776080000)
  to   space 21504K, 0% used [0x0000000773680000,0x0000000773680000,0x0000000774b80000)
 ParOldGen       total 136192K, used 29411K [0x00000006c3200000, 0x00000006cb700000, 0x000000076bb80000)
  object space 136192K, 21% used [0x00000006c3200000,0x00000006c4eb8e78,0x00000006cb700000)
 Metaspace       used 23413K, capacity 23922K, committed 24064K, reserved 1071104K
  class space    used 2632K, capacity 2782K, committed 2816K, reserved 1048576K
Event: 14.309 GC heap after
Heap after GC invocations=10 (full 1):
 PSYoungGen      total 147456K, used 21498K [0x000000076bb80000, 0x0000000777980000, 0x00000007c0000000)
  eden space 125952K, 0% used [0x000000076bb80000,0x000000076bb80000,0x0000000773680000)
  from space 21504K, 99% used [0x0000000773680000,0x0000000774b7ea20,0x0000000774b80000)
  to   space 31744K, 0% used [0x0000000775a80000,0x0000000775a80000,0x0000000777980000)
 ParOldGen       total 136192K, used 49750K [0x00000006c3200000, 0x00000006cb700000, 0x000000076bb80000)
  object space 136192K, 36% used [0x00000006c3200000,0x00000006c62959f8,0x00000006cb700000)
 Metaspace       used 23413K, capacity 23922K, committed 24064K, reserved 1071104K
  class space    used 2632K, capacity 2782K, committed 2816K, reserved 1048576K
}
Event: 15.857 GC heap before
{Heap before GC invocations=11 (full 1):
 PSYoungGen      total 147456K, used 147450K [0x000000076bb80000, 0x0000000777980000, 0x00000007c0000000)
  eden space 125952K, 100% used [0x000000076bb80000,0x0000000773680000,0x0000000773680000)
  from space 21504K, 99% used [0x0000000773680000,0x0000000774b7ea20,0x0000000774b80000)
  to   space 31744K, 0% used [0x0000000775a80000,0x0000000775a80000,0x0000000777980000)
 ParOldGen       total 136192K, used 49750K [0x00000006c3200000, 0x00000006cb700000, 0x000000076bb80000)
  object space 136192K, 36% used [0x00000006c3200000,0x00000006c62959f8,0x00000006cb700000)
 Metaspace       used 25022K, capacity 25546K, committed 25856K, reserved 1073152K
  class space    used 2801K, capacity 2956K, committed 3072K, reserved 1048576K
Event: 15.884 GC heap after
Heap after GC invocations=11 (full 1):
 PSYoungGen      total 162304K, used 21875K [0x000000076bb80000, 0x0000000779e00000, 0x00000007c0000000)
  eden space 130560K, 0% used [0x000000076bb80000,0x000000076bb80000,0x0000000773b00000)
  from space 31744K, 68% used [0x0000000775a80000,0x0000000776fdcd70,0x0000000777980000)
  to   space 32256K, 0% used [0x0000000773b00000,0x0000000773b00000,0x0000000775a80000)
 ParOldGen       total 136192K, used 56867K [0x00000006c3200000, 0x00000006cb700000, 0x000000076bb80000)
  object space 136192K, 41% used [0x00000006c3200000,0x00000006c6988d70,0x00000006cb700000)
 Metaspace       used 25022K, capacity 25546K, committed 25856K, reserved 1073152K
  class space    used 2801K, capacity 2956K, committed 3072K, reserved 1048576K
}
Event: 17.279 GC heap before
{Heap before GC invocations=12 (full 1):
 PSYoungGen      total 162304K, used 152435K [0x000000076bb80000, 0x0000000779e00000, 0x00000007c0000000)
  eden space 130560K, 100% used [0x000000076bb80000,0x0000000773b00000,0x0000000773b00000)
  from space 31744K, 68% used [0x0000000775a80000,0x0000000776fdcd70,0x0000000777980000)
  to   space 32256K, 0% used [0x0000000773b00000,0x0000000773b00000,0x0000000775a80000)
 ParOldGen       total 136192K, used 56867K [0x00000006c3200000, 0x00000006cb700000, 0x000000076bb80000)
  object space 136192K, 41% used [0x00000006c3200000,0x00000006c6988d70,0x00000006cb700000)
 Metaspace       used 25174K, capacity 25802K, committed 26112K, reserved 1073152K
  class space    used 2810K, capacity 2956K, committed 3072K, reserved 1048576K
Event: 17.312 GC heap after
Heap after GC invocations=12 (full 1):
 PSYoungGen      total 162816K, used 7648K [0x000000076bb80000, 0x000000077a680000, 0x00000007c0000000)
  eden space 130560K, 0% used [0x000000076bb80000,0x000000076bb80000,0x0000000773b00000)
  from space 32256K, 23% used [0x0000000773b00000,0x0000000774278280,0x0000000775a80000)
  to   space 32768K, 0% used [0x0000000778680000,0x0000000778680000,0x000000077a680000)
 ParOldGen       total 136192K, used 75657K [0x00000006c3200000, 0x00000006cb700000, 0x000000076bb80000)
  object space 136192K, 55% used [0x00000006c3200000,0x00000006c7be2608,0x00000006cb700000)
 Metaspace       used 25174K, capacity 25802K, committed 26112K, reserved 1073152K
  class space    used 2810K, capacity 2956K, committed 3072K, reserved 1048576K
}

Deoptimization events (10 events):
Event: 17.366 Thread 0x00000000030ce800 Uncommon trap: reason=unstable_if action=reinterpret pc=0x0000000004620d4c method=lombok.core.TypeLibrary.toQualified(Ljava/lang/String;)Ljava/lang/String; @ 4
Event: 17.367 Thread 0x00000000030ce800 Uncommon trap: reason=unstable_if action=reinterpret pc=0x000000000460a8ec method=lombok.core.LombokNode.up()Llombok/core/LombokNode; @ 14
Event: 17.375 Thread 0x00000000030ce800 Uncommon trap: reason=class_check action=maybe_recompile pc=0x0000000003a0b930 method=java.util.regex.Pattern$Branch.match(Ljava/util/regex/Matcher;ILjava/lang/CharSequence;)Z @ 50
Event: 17.375 Thread 0x00000000030ce800 Uncommon trap: reason=class_check action=maybe_recompile pc=0x0000000003a0b930 method=java.util.regex.Pattern$Branch.match(Ljava/util/regex/Matcher;ILjava/lang/CharSequence;)Z @ 50
Event: 17.375 Thread 0x00000000030ce800 Uncommon trap: reason=class_check action=maybe_recompile pc=0x0000000003a0b930 method=java.util.regex.Pattern$Branch.match(Ljava/util/regex/Matcher;ILjava/lang/CharSequence;)Z @ 50
Event: 17.377 Thread 0x00000000030ce800 Uncommon trap: reason=class_check action=maybe_recompile pc=0x00000000044eff08 method=java.lang.reflect.Field.get(Ljava/lang/Object;)Ljava/lang/Object; @ 45
Event: 17.382 Thread 0x00000000030ce800 Uncommon trap: reason=class_check action=maybe_recompile pc=0x0000000003a0b930 method=java.util.regex.Pattern$Branch.match(Ljava/util/regex/Matcher;ILjava/lang/CharSequence;)Z @ 50
Event: 17.391 Thread 0x00000000030ce800 Uncommon trap: reason=class_check action=maybe_recompile pc=0x00000000044eff08 method=java.lang.reflect.Field.get(Ljava/lang/Object;)Ljava/lang/Object; @ 45
Event: 17.397 Thread 0x00000000030ce800 Uncommon trap: reason=class_check action=maybe_recompile pc=0x00000000044eff08 method=java.lang.reflect.Field.get(Ljava/lang/Object;)Ljava/lang/Object; @ 45
Event: 17.405 Thread 0x00000000030ce800 Uncommon trap: reason=class_check action=maybe_recompile pc=0x00000000044eff08 method=java.lang.reflect.Field.get(Ljava/lang/Object;)Ljava/lang/Object; @ 45

Classes redefined (0 events):
No events

Internal exceptions (10 events):
Event: 9.434 Thread 0x00000000030ce800 Implicit null exception at 0x00000000035a5a95 to 0x00000000035a5c99
Event: 10.294 Thread 0x00000000030ce800 Implicit null exception at 0x0000000003bae417 to 0x0000000003bae851
Event: 11.558 Thread 0x00000000030ce800 Exception <a 'java/lang/ClassNotFoundException': com/sun/tools/javac/api/JavacTool> (0x000000076e1052c8) thrown at [C:\re\workspace\8-2-build-windows-amd64-cygwin\jdk8u181\11358\hotspot\src\share\vm\classfile\systemDictionary.cpp, line 210]
Event: 12.980 Thread 0x00000000030ce800 Exception <a 'java/io/FileNotFoundException'> (0x000000076fa73448) thrown at [C:\re\workspace\8-2-build-windows-amd64-cygwin\jdk8u181\11358\hotspot\src\share\vm\prims\jni.cpp, line 709]
Event: 13.041 Thread 0x00000000030ce800 Exception <a 'java/io/FileNotFoundException'> (0x000000076bba7dc0) thrown at [C:\re\workspace\8-2-build-windows-amd64-cygwin\jdk8u181\11358\hotspot\src\share\vm\prims\jni.cpp, line 709]
Event: 15.427 Thread 0x00000000030ce800 Implicit null exception at 0x00000000038ea4b3 to 0x00000000038ea8dd
Event: 15.430 Thread 0x00000000030ce800 Implicit null exception at 0x0000000003897655 to 0x0000000003897855
Event: 17.366 Thread 0x00000000030ce800 Implicit null exception at 0x0000000004651b49 to 0x0000000004654595
Event: 17.366 Thread 0x00000000030ce800 Implicit null exception at 0x0000000004620872 to 0x0000000004620d39
Event: 17.367 Thread 0x00000000030ce800 Implicit null exception at 0x000000000460a8b0 to 0x000000000460a8dd

Events (10 events):
Event: 17.382 Thread 0x00000000030ce800 DEOPT UNPACKING pc=0x000000000321583b sp=0x000000000305cca8 mode 2
Event: 17.391 Thread 0x00000000030ce800 Uncommon trap: trap_request=0xffffffde fr.pc=0x00000000044eff08
Event: 17.391 Thread 0x00000000030ce800 DEOPT PACKING pc=0x00000000044eff08 sp=0x000000000305cfc0
Event: 17.391 Thread 0x00000000030ce800 DEOPT UNPACKING pc=0x000000000321583b sp=0x000000000305cf78 mode 2
Event: 17.397 Thread 0x00000000030ce800 Uncommon trap: trap_request=0xffffffde fr.pc=0x00000000044eff08
Event: 17.397 Thread 0x00000000030ce800 DEOPT PACKING pc=0x00000000044eff08 sp=0x000000000305cfc0
Event: 17.397 Thread 0x00000000030ce800 DEOPT UNPACKING pc=0x000000000321583b sp=0x000000000305cf78 mode 2
Event: 17.405 Thread 0x00000000030ce800 Uncommon trap: trap_request=0xffffffde fr.pc=0x00000000044eff08
Event: 17.405 Thread 0x00000000030ce800 DEOPT PACKING pc=0x00000000044eff08 sp=0x000000000305cf60
Event: 17.405 Thread 0x00000000030ce800 DEOPT UNPACKING pc=0x000000000321583b sp=0x000000000305cf18 mode 2


Dynamic libraries:
0x00007ff60e700000 - 0x00007ff60e737000 	C:\Program Files\Java\jdk1.8.0_181\bin\java.exe
0x00007ffd4c400000 - 0x00007ffd4c609000 	C:\WINDOWS\SYSTEM32\ntdll.dll
0x00007ffd4a540000 - 0x00007ffd4a5fd000 	C:\WINDOWS\System32\KERNEL32.DLL
0x00007ffd49b40000 - 0x00007ffd49eb9000 	C:\WINDOWS\System32\KERNELBASE.dll
0x00007ffd4abb0000 - 0x00007ffd4ac5e000 	C:\WINDOWS\System32\ADVAPI32.dll
0x00007ffd4a2a0000 - 0x00007ffd4a343000 	C:\WINDOWS\System32\msvcrt.dll
0x00007ffd4a600000 - 0x00007ffd4a69e000 	C:\WINDOWS\System32\sechost.dll
0x00007ffd4a420000 - 0x00007ffd4a540000 	C:\WINDOWS\System32\RPCRT4.dll
0x00007ffd4bf00000 - 0x00007ffd4c0ac000 	C:\WINDOWS\System32\USER32.dll
0x00007ffd4a100000 - 0x00007ffd4a126000 	C:\WINDOWS\System32\win32u.dll
0x00007ffd4a7c0000 - 0x00007ffd4a7e9000 	C:\WINDOWS\System32\GDI32.dll
0x00007ffd49ec0000 - 0x00007ffd49fd2000 	C:\WINDOWS\System32\gdi32full.dll
0x00007ffd4a130000 - 0x00007ffd4a1cd000 	C:\WINDOWS\System32\msvcp_win.dll
0x00007ffd49fe0000 - 0x00007ffd4a0f1000 	C:\WINDOWS\System32\ucrtbase.dll
0x00007ffd2cd00000 - 0x00007ffd2cfa5000 	C:\WINDOWS\WinSxS\amd64_microsoft.windows.common-controls_6595b64144ccf1df_6.0.22000.120_none_9d947278b86cc467\COMCTL32.dll
0x00007ffd4c110000 - 0x00007ffd4c141000 	C:\WINDOWS\System32\IMM32.DLL
0x0000000059060000 - 0x0000000059132000 	C:\Program Files\Java\jdk1.8.0_181\jre\bin\msvcr100.dll
0x0000000057210000 - 0x0000000057ab2000 	C:\Program Files\Java\jdk1.8.0_181\jre\bin\server\jvm.dll
0x00007ffd4a290000 - 0x00007ffd4a298000 	C:\WINDOWS\System32\PSAPI.DLL
0x00007ffd45fc0000 - 0x00007ffd45fc9000 	C:\WINDOWS\SYSTEM32\WSOCK32.dll
0x00007ffd3e980000 - 0x00007ffd3e98a000 	C:\WINDOWS\SYSTEM32\VERSION.dll
0x00007ffd4a350000 - 0x00007ffd4a3bf000 	C:\WINDOWS\System32\WS2_32.dll
0x00007ffd3ecb0000 - 0x00007ffd3ece3000 	C:\WINDOWS\SYSTEM32\WINMM.dll
0x0000000059210000 - 0x000000005921f000 	C:\Program Files\Java\jdk1.8.0_181\jre\bin\verify.dll
0x00000000591e0000 - 0x0000000059209000 	C:\Program Files\Java\jdk1.8.0_181\jre\bin\java.dll
0x00000000591c0000 - 0x00000000591d6000 	C:\Program Files\Java\jdk1.8.0_181\jre\bin\zip.dll
0x00007ffd4ac60000 - 0x00007ffd4b418000 	C:\WINDOWS\System32\SHELL32.dll
0x00007ffd47a20000 - 0x00007ffd48287000 	C:\WINDOWS\SYSTEM32\windows.storage.dll
0x00007ffd4bb10000 - 0x00007ffd4be89000 	C:\WINDOWS\System32\combase.dll
0x00007ffd478b0000 - 0x00007ffd47a16000 	C:\WINDOWS\SYSTEM32\wintypes.dll
0x00007ffd4aa10000 - 0x00007ffd4aafa000 	C:\WINDOWS\System32\SHCORE.dll
0x00007ffd4a3c0000 - 0x00007ffd4a41d000 	C:\WINDOWS\System32\shlwapi.dll
0x00007ffd49810000 - 0x00007ffd49831000 	C:\WINDOWS\SYSTEM32\profapi.dll
0x00007ffd49140000 - 0x00007ffd49158000 	C:\WINDOWS\SYSTEM32\CRYPTSP.dll
0x00007ffd489b0000 - 0x00007ffd489e5000 	C:\WINDOWS\system32\rsaenh.dll
0x00007ffd48ff0000 - 0x00007ffd49019000 	C:\WINDOWS\SYSTEM32\USERENV.dll
0x00007ffd492c0000 - 0x00007ffd492e7000 	C:\WINDOWS\SYSTEM32\bcrypt.dll
0x00007ffd49ac0000 - 0x00007ffd49b3f000 	C:\WINDOWS\System32\bcryptprimitives.dll
0x00007ffd49160000 - 0x00007ffd4916c000 	C:\WINDOWS\SYSTEM32\CRYPTBASE.dll
0x00000000591a0000 - 0x00000000591ba000 	C:\Program Files\Java\jdk1.8.0_181\jre\bin\net.dll
0x00007ffd48f00000 - 0x00007ffd48f67000 	C:\WINDOWS\system32\mswsock.dll
0x00007ffd48550000 - 0x00007ffd4857d000 	C:\WINDOWS\SYSTEM32\IPHLPAPI.DLL
0x00007ffd4b990000 - 0x00007ffd4b999000 	C:\WINDOWS\System32\NSI.dll
0x00007ffd3e960000 - 0x00007ffd3e979000 	C:\WINDOWS\SYSTEM32\dhcpcsvc6.DLL
0x00007ffd3f100000 - 0x00007ffd3f11e000 	C:\WINDOWS\SYSTEM32\dhcpcsvc.DLL
0x00007ffd485c0000 - 0x00007ffd486a8000 	C:\WINDOWS\SYSTEM32\DNSAPI.dll
0x0000000059180000 - 0x0000000059191000 	C:\Program Files\Java\jdk1.8.0_181\jre\bin\nio.dll
0x00007ffd38180000 - 0x00007ffd3818a000 	C:\Users\admin\AppData\Local\Temp\jansi-1.17.1-7448269635707465754.dll
0x00007ffd38140000 - 0x00007ffd3814a000 	C:\Users\admin\AppData\Local\Temp\jansi-1.17.1-4647522212476942006.dll

VM Arguments:
jvm_args: -Dmaven.multiModuleProjectDirectory=D:\workSpace\nos_backend\modules\front -Dmaven.home=D:\apache-maven-3.6.3 -Dclassworlds.conf=D:\apache-maven-3.6.3\bin\m2.conf -Dmaven.ext.class.path=D:\IntelliJ IDEA 2020.1.4\plugins\maven\lib\maven-event-listener.jar -Dfile.encoding=UTF-8 
java_command: org.codehaus.classworlds.Launcher -Didea.version2020.1.4 -s D:\apache-maven-3.6.3\conf\settings.xml -Dmaven.repo.local=D:\apache-maven-3.6.3\maven-repository -DskipTests=true install
java_class_path (initial): D:\apache-maven-3.6.3\boot\plexus-classworlds-2.6.0.jar;D:\apache-maven-3.6.3\boot\plexus-classworlds.license
Launcher Type: SUN_STANDARD

Environment Variables:
JAVA_HOME=C:\Program Files\Java\jdk1.8.0_181
CLASSPATH=.;C:\Program Files\Java\jdk1.8.0_181\lib\dt.jar;C:\Program Files\Java\jdk1.8.0_181\lib\tools.jar
PATH=C:\Program Files (x86)\Common Files\Oracle\Java\javapath;C:\Windows\system32;C:\Windows;C:\Windows\System32\Wbem;C:\Windows\System32\WindowsPowerShell\v1.0\;C:\Windows\System32\OpenSSH\;C:\Program Files (x86)\NVIDIA Corporation\PhysX\Common;C:\Program Files\NVIDIA Corporation\NVIDIA NvDLISR;D:\nodejs\;C:\Program Files\Java\jdk1.8.0_181\bin;C:\Program Files\Java\jdk1.8.0_181\jre\bin;D:\Git\cmd;D:\erl-23.3\bin;D:\apache-maven-3.6.3\bin;;C:\WINDOWS\system32;C:\WINDOWS;C:\WINDOWS\System32\Wbem;C:\WINDOWS\System32\WindowsPowerShell\v1.0\;C:\WINDOWS\System32\OpenSSH\;C:\Users\admin\AppData\Local\Microsoft\WindowsApps;C:\Users\admin\AppData\Roaming\npm
USERNAME=admin
OS=Windows_NT
PROCESSOR_IDENTIFIER=Intel64 Family 6 Model 140 Stepping 1, GenuineIntel



---------------  S Y S T E M  ---------------

OS: Windows 10.0 , 64 bit Build 22000 (10.0.22000.708)

CPU:total 8 (initial active 8) (4 cores per cpu, 2 threads per core) family 6 model 140 stepping 1, cmov, cx8, fxsr, mmx, sse, sse2, sse3, ssse3, sse4.1, sse4.2, popcnt, avx, avx2, aes, clmul, erms, 3dnowpref, lzcnt, ht, tsc, tscinvbit, bmi1, bmi2, adx

Memory: 4k page, physical 16571704k(1101140k free), swap 29678900k(5696k free)

vm_info: Java HotSpot(TM) 64-Bit Server VM (25.181-b13) for windows-amd64 JRE (1.8.0_181-b13), built on Jul  7 2018 04:01:33 by "java_re" with MS VC++ 10.0 (VS2010)

time: Thu Jul 21 14:07:54 2022
elapsed time: 17 seconds (0d 0h 0m 17s)

