#
# There is insufficient memory for the Java Runtime Environment to continue.
# Native memory allocation (malloc) failed to allocate 32744 bytes for ChunkPool::allocate
# Possible reasons:
#   The system is out of physical RAM or swap space
#   In 32 bit mode, the process size limit was hit
# Possible solutions:
#   Reduce memory load on the system
#   Increase physical memory or swap space
#   Check if swap backing store is full
#   Use 64 bit Java on a 64 bit OS
#   Decrease Java heap size (-Xmx/-Xms)
#   Decrease number of Java threads
#   Decrease Java thread stack sizes (-Xss)
#   Set larger code cache with -XX:ReservedCodeCacheSize=
# This output file may be truncated or incomplete.
#
#  Out of Memory Error (allocation.cpp:273), pid=65724, tid=0x0000000000010c6c
#
# JRE version: Java(TM) SE Runtime Environment (8.0_181-b13) (build 1.8.0_181-b13)
# Java VM: Java HotSpot(TM) 64-Bit Server VM (25.181-b13 mixed mode windows-amd64 compressed oops)
# Failed to write core dump. Minidumps are not enabled by default on client versions of Windows
#

---------------  T H R E A D  ---------------

Current thread (0x000000001f046800):  JavaThread "C2 CompilerThread2" daemon [_thread_in_native, id=68716, stack(0x000000001f920000,0x000000001fa20000)]

Stack: [0x000000001f920000,0x000000001fa20000]
[error occurred during error reporting (printing stack bounds), id 0xc0000005]

Native frames: (J=compiled Java code, j=interpreted, Vv=VM code, C=native code)


Current CompileTask:
C2:  16619 5924   !   4       lombok.core.AST::buildWithField0 (121 bytes)


---------------  P R O C E S S  ---------------

Java Threads: ( => current thread )
  0x000000001f0d3000 JavaThread "Service Thread" daemon [_thread_blocked, id=68568, stack(0x000000001fb20000,0x000000001fc20000)]
  0x000000001f089800 JavaThread "C1 CompilerThread3" daemon [_thread_blocked, id=9124, stack(0x000000001fa20000,0x000000001fb20000)]
=>0x000000001f046800 JavaThread "C2 CompilerThread2" daemon [_thread_in_native, id=68716, stack(0x000000001f920000,0x000000001fa20000)]
  0x000000001f040000 JavaThread "C2 CompilerThread1" daemon [_thread_in_native, id=69128, stack(0x000000001f820000,0x000000001f920000)]
  0x000000001f03c800 JavaThread "C2 CompilerThread0" daemon [_thread_in_native, id=21848, stack(0x000000001f720000,0x000000001f820000)]
  0x000000001f03b000 JavaThread "Attach Listener" daemon [_thread_blocked, id=69352, stack(0x000000001f620000,0x000000001f720000)]
  0x000000001efe7800 JavaThread "Signal Dispatcher" daemon [_thread_blocked, id=60812, stack(0x000000001f520000,0x000000001f620000)]
  0x00000000036c8800 JavaThread "Finalizer" daemon [_thread_blocked, id=65612, stack(0x000000001f3b0000,0x000000001f4b0000)]
  0x000000001d0bd000 JavaThread "Reference Handler" daemon [_thread_blocked, id=22076, stack(0x000000001eeb0000,0x000000001efb0000)]
  0x000000000376e800 JavaThread "main" [_thread_in_vm, id=61156, stack(0x0000000003150000,0x0000000003250000)]

Other Threads:
  0x000000001d0b9000 VMThread [stack: 0x000000001edb0000,0x000000001eeb0000] [id=67960]
  0x000000001f0f5800 WatcherThread [stack: 0x000000001fc20000,0x000000001fd20000] [id=64648]

VM state:not at safepoint (normal execution)

VM Mutex/Monitor currently owned by a thread: None

Heap:
 PSYoungGen      total 269312K, used 48553K [0x000000076bb80000, 0x000000077fd80000, 0x00000007c0000000)
  eden space 239616K, 7% used [0x000000076bb80000,0x000000076cdf0400,0x000000077a580000)
  from space 29696K, 99% used [0x000000077a580000,0x000000077c27a360,0x000000077c280000)
  to   space 35328K, 0% used [0x000000077db00000,0x000000077db00000,0x000000077fd80000)
 ParOldGen       total 136192K, used 52597K [0x00000006c3200000, 0x00000006cb700000, 0x000000076bb80000)
  object space 136192K, 38% used [0x00000006c3200000,0x00000006c655d598,0x00000006cb700000)
 Metaspace       used 25070K, capacity 25674K, committed 25856K, reserved 1073152K
  class space    used 2803K, capacity 2956K, committed 3072K, reserved 1048576K

Card table byte_map: [0x0000000012b30000,0x0000000013320000] byte_map_base: 0x000000000f517000

Marking Bits: (ParMarkBitMap*) 0x0000000057a32d00
 Begin Bits: [0x0000000014070000, 0x0000000017fa8000)
 End Bits:   [0x0000000017fa8000, 0x000000001bee0000)

Polling page: 0x0000000001980000

CodeCache: size=245760Kb used=19125Kb max_used=19589Kb free=226634Kb
 bounds [0x0000000003770000, 0x0000000004ab0000, 0x0000000012770000]
 total_blobs=5436 nmethods=5020 adapters=328
 compilation: enabled

Compilation events (10 events):
Event: 16.352 Thread 0x000000001f089800 5992       3       lombok.javac.JavacTransformer$AnnotationVisitor::<init> (15 bytes)
Event: 16.352 Thread 0x000000001f089800 nmethod 5992 0x00000000046dcb90 code [0x00000000046dcd00, 0x00000000046dcf30]
Event: 16.352 Thread 0x000000001f089800 5993       3       lombok.javac.JavacAST::traverse (12 bytes)
Event: 16.352 Thread 0x000000001f089800 nmethod 5993 0x00000000046dc610 code [0x00000000046dc780, 0x00000000046dcaa8]
Event: 16.352 Thread 0x000000001f089800 5994   !   3       lombok.javac.HandlerLibrary::callASTVisitors (87 bytes)
Event: 16.354 Thread 0x000000001f089800 nmethod 5994 0x0000000004435f50 code [0x0000000004436200, 0x00000000044376b8]
Event: 16.363 Thread 0x000000001f089800 5995       1       lombok.javac.JavacASTAdapter::visitLocal (1 bytes)
Event: 16.363 Thread 0x000000001f089800 nmethod 5995 0x00000000046dc350 code [0x00000000046dc4a0, 0x00000000046dc5b0]
Event: 16.387 Thread 0x000000001f089800 5996       1       lombok.core.AST::isChanged (5 bytes)
Event: 16.387 Thread 0x000000001f089800 nmethod 5996 0x00000000046dc090 code [0x00000000046dc1e0, 0x00000000046dc2f0]

GC Heap History (10 events):
Event: 11.522 GC heap before
{Heap before GC invocations=6 (full 0):
 PSYoungGen      total 75776K, used 75768K [0x000000076bb80000, 0x0000000776180000, 0x00000007c0000000)
  eden space 65024K, 100% used [0x000000076bb80000,0x000000076fb00000,0x000000076fb00000)
  from space 10752K, 99% used [0x000000076fb00000,0x000000077057e050,0x0000000770580000)
  to   space 19968K, 0% used [0x0000000774e00000,0x0000000774e00000,0x0000000776180000)
 ParOldGen       total 173568K, used 18606K [0x00000006c3200000, 0x00000006cdb80000, 0x000000076bb80000)
  object space 173568K, 10% used [0x00000006c3200000,0x00000006c442b818,0x00000006cdb80000)
 Metaspace       used 18321K, capacity 18846K, committed 19200K, reserved 1067008K
  class space    used 2066K, capacity 2198K, committed 2304K, reserved 1048576K
Event: 11.541 GC heap after
Heap after GC invocations=6 (full 0):
 PSYoungGen      total 148992K, used 14583K [0x000000076bb80000, 0x0000000776080000, 0x00000007c0000000)
  eden space 130048K, 0% used [0x000000076bb80000,0x000000076bb80000,0x0000000773a80000)
  from space 18944K, 76% used [0x0000000774e00000,0x0000000775c3de78,0x0000000776080000)
  to   space 19456K, 0% used [0x0000000773a80000,0x0000000773a80000,0x0000000774d80000)
 ParOldGen       total 173568K, used 18606K [0x00000006c3200000, 0x00000006cdb80000, 0x000000076bb80000)
  object space 173568K, 10% used [0x00000006c3200000,0x00000006c442b818,0x00000006cdb80000)
 Metaspace       used 18321K, capacity 18846K, committed 19200K, reserved 1067008K
  class space    used 2066K, capacity 2198K, committed 2304K, reserved 1048576K
}
Event: 12.238 GC heap before
{Heap before GC invocations=7 (full 0):
 PSYoungGen      total 148992K, used 61259K [0x000000076bb80000, 0x0000000776080000, 0x00000007c0000000)
  eden space 130048K, 35% used [0x000000076bb80000,0x000000076e915000,0x0000000773a80000)
  from space 18944K, 76% used [0x0000000774e00000,0x0000000775c3de78,0x0000000776080000)
  to   space 19456K, 0% used [0x0000000773a80000,0x0000000773a80000,0x0000000774d80000)
 ParOldGen       total 173568K, used 18606K [0x00000006c3200000, 0x00000006cdb80000, 0x000000076bb80000)
  object space 173568K, 10% used [0x00000006c3200000,0x00000006c442b818,0x00000006cdb80000)
 Metaspace       used 20650K, capacity 21170K, committed 21248K, reserved 1069056K
  class space    used 2383K, capacity 2526K, committed 2560K, reserved 1048576K
Event: 12.253 GC heap after
Heap after GC invocations=7 (full 0):
 PSYoungGen      total 149504K, used 9902K [0x000000076bb80000, 0x000000077df80000, 0x00000007c0000000)
  eden space 130048K, 0% used [0x000000076bb80000,0x000000076bb80000,0x0000000773a80000)
  from space 19456K, 50% used [0x0000000773a80000,0x000000077442b848,0x0000000774d80000)
  to   space 19456K, 0% used [0x000000077cc80000,0x000000077cc80000,0x000000077df80000)
 ParOldGen       total 173568K, used 23176K [0x00000006c3200000, 0x00000006cdb80000, 0x000000076bb80000)
  object space 173568K, 13% used [0x00000006c3200000,0x00000006c48a20e8,0x00000006cdb80000)
 Metaspace       used 20650K, capacity 21170K, committed 21248K, reserved 1069056K
  class space    used 2383K, capacity 2526K, committed 2560K, reserved 1048576K
}
Event: 12.253 GC heap before
{Heap before GC invocations=8 (full 1):
 PSYoungGen      total 149504K, used 9902K [0x000000076bb80000, 0x000000077df80000, 0x00000007c0000000)
  eden space 130048K, 0% used [0x000000076bb80000,0x000000076bb80000,0x0000000773a80000)
  from space 19456K, 50% used [0x0000000773a80000,0x000000077442b848,0x0000000774d80000)
  to   space 19456K, 0% used [0x000000077cc80000,0x000000077cc80000,0x000000077df80000)
 ParOldGen       total 173568K, used 23176K [0x00000006c3200000, 0x00000006cdb80000, 0x000000076bb80000)
  object space 173568K, 13% used [0x00000006c3200000,0x00000006c48a20e8,0x00000006cdb80000)
 Metaspace       used 20650K, capacity 21170K, committed 21248K, reserved 1069056K
  class space    used 2383K, capacity 2526K, committed 2560K, reserved 1048576K
Event: 12.440 GC heap after
Heap after GC invocations=8 (full 1):
 PSYoungGen      total 149504K, used 0K [0x000000076bb80000, 0x000000077df80000, 0x00000007c0000000)
  eden space 130048K, 0% used [0x000000076bb80000,0x000000076bb80000,0x0000000773a80000)
  from space 19456K, 0% used [0x0000000773a80000,0x0000000773a80000,0x0000000774d80000)
  to   space 19456K, 0% used [0x000000077cc80000,0x000000077cc80000,0x000000077df80000)
 ParOldGen       total 136192K, used 29361K [0x00000006c3200000, 0x00000006cb700000, 0x000000076bb80000)
  object space 136192K, 21% used [0x00000006c3200000,0x00000006c4eac778,0x00000006cb700000)
 Metaspace       used 20650K, capacity 21170K, committed 21248K, reserved 1069056K
  class space    used 2383K, capacity 2526K, committed 2560K, reserved 1048576K
}
Event: 14.403 GC heap before
{Heap before GC invocations=9 (full 1):
 PSYoungGen      total 149504K, used 130048K [0x000000076bb80000, 0x000000077df80000, 0x00000007c0000000)
  eden space 130048K, 100% used [0x000000076bb80000,0x0000000773a80000,0x0000000773a80000)
  from space 19456K, 0% used [0x0000000773a80000,0x0000000773a80000,0x0000000774d80000)
  to   space 19456K, 0% used [0x000000077cc80000,0x000000077cc80000,0x000000077df80000)
 ParOldGen       total 136192K, used 29361K [0x00000006c3200000, 0x00000006cb700000, 0x000000076bb80000)
  object space 136192K, 21% used [0x00000006c3200000,0x00000006c4eac778,0x00000006cb700000)
 Metaspace       used 23247K, capacity 23794K, committed 24064K, reserved 1071104K
  class space    used 2630K, capacity 2782K, committed 2816K, reserved 1048576K
Event: 14.435 GC heap after
Heap after GC invocations=9 (full 1):
 PSYoungGen      total 214016K, used 19425K [0x000000076bb80000, 0x000000077df80000, 0x00000007c0000000)
  eden space 194560K, 0% used [0x000000076bb80000,0x000000076bb80000,0x0000000777980000)
  from space 19456K, 99% used [0x000000077cc80000,0x000000077df785d8,0x000000077df80000)
  to   space 29696K, 0% used [0x000000077a580000,0x000000077a580000,0x000000077c280000)
 ParOldGen       total 136192K, used 47753K [0x00000006c3200000, 0x00000006cb700000, 0x000000076bb80000)
  object space 136192K, 35% used [0x00000006c3200000,0x00000006c60a25a0,0x00000006cb700000)
 Metaspace       used 23247K, capacity 23794K, committed 24064K, reserved 1071104K
  class space    used 2630K, capacity 2782K, committed 2816K, reserved 1048576K
}
Event: 16.435 GC heap before
{Heap before GC invocations=10 (full 1):
 PSYoungGen      total 214016K, used 213985K [0x000000076bb80000, 0x000000077df80000, 0x00000007c0000000)
  eden space 194560K, 100% used [0x000000076bb80000,0x0000000777980000,0x0000000777980000)
  from space 19456K, 99% used [0x000000077cc80000,0x000000077df785d8,0x000000077df80000)
  to   space 29696K, 0% used [0x000000077a580000,0x000000077a580000,0x000000077c280000)
 ParOldGen       total 136192K, used 47753K [0x00000006c3200000, 0x00000006cb700000, 0x000000076bb80000)
  object space 136192K, 35% used [0x00000006c3200000,0x00000006c60a25a0,0x00000006cb700000)
 Metaspace       used 25070K, capacity 25674K, committed 25856K, reserved 1073152K
  class space    used 2803K, capacity 2956K, committed 3072K, reserved 1048576K
Event: 16.497 GC heap after
Heap after GC invocations=10 (full 1):
 PSYoungGen      total 269312K, used 29672K [0x000000076bb80000, 0x000000077fd80000, 0x00000007c0000000)
  eden space 239616K, 0% used [0x000000076bb80000,0x000000076bb80000,0x000000077a580000)
  from space 29696K, 99% used [0x000000077a580000,0x000000077c27a360,0x000000077c280000)
  to   space 35328K, 0% used [0x000000077db00000,0x000000077db00000,0x000000077fd80000)
 ParOldGen       total 136192K, used 52597K [0x00000006c3200000, 0x00000006cb700000, 0x000000076bb80000)
  object space 136192K, 38% used [0x00000006c3200000,0x00000006c655d598,0x00000006cb700000)
 Metaspace       used 25070K, capacity 25674K, committed 25856K, reserved 1073152K
  class space    used 2803K, capacity 2956K, committed 3072K, reserved 1048576K
}

Deoptimization events (10 events):
Event: 15.600 Thread 0x000000000376e800 Uncommon trap: reason=unstable_if action=reinterpret pc=0x000000000464f21c method=java.util.regex.Pattern.append(II)V @ 6
Event: 15.631 Thread 0x000000000376e800 Uncommon trap: reason=unstable_if action=reinterpret pc=0x0000000003d61e70 method=sun.misc.URLClassPath$JarLoader.getResource(Ljava/lang/String;Z)Lsun/misc/Resource; @ 62
Event: 15.655 Thread 0x000000000376e800 Uncommon trap: reason=unstable_if action=reinterpret pc=0x000000000396cfd8 method=java.util.HashMap.putVal(ILjava/lang/Object;Ljava/lang/Object;ZZ)Ljava/lang/Object; @ 193
Event: 15.656 Thread 0x000000000376e800 Uncommon trap: reason=unstable_if action=reinterpret pc=0x0000000003965eb4 method=java.util.HashMap.putVal(ILjava/lang/Object;Ljava/lang/Object;ZZ)Ljava/lang/Object; @ 193
Event: 15.858 Thread 0x000000000376e800 Uncommon trap: reason=bimorphic action=maybe_recompile pc=0x00000000041d6a04 method=java.util.regex.Pattern$5.isSatisfiedBy(I)Z @ 5
Event: 15.858 Thread 0x000000000376e800 Uncommon trap: reason=bimorphic action=maybe_recompile pc=0x00000000041d69f8 method=java.util.regex.Pattern$5.isSatisfiedBy(I)Z @ 5
Event: 15.858 Thread 0x000000000376e800 Uncommon trap: reason=bimorphic action=maybe_recompile pc=0x00000000041d69f8 method=java.util.regex.Pattern$5.isSatisfiedBy(I)Z @ 5
Event: 15.858 Thread 0x000000000376e800 Uncommon trap: reason=bimorphic action=maybe_recompile pc=0x00000000041d69f8 method=java.util.regex.Pattern$5.isSatisfiedBy(I)Z @ 5
Event: 15.878 Thread 0x000000000376e800 Uncommon trap: reason=unstable_if action=reinterpret pc=0x0000000003e86934 method=java.util.HashMap.hash(Ljava/lang/Object;)I @ 1
Event: 15.884 Thread 0x000000000376e800 Uncommon trap: reason=unstable_if action=reinterpret pc=0x0000000003e20664 method=java.util.HashMap.hash(Ljava/lang/Object;)I @ 1

Classes redefined (0 events):
No events

Internal exceptions (10 events):
Event: 6.087 Thread 0x000000000376e800 Implicit null exception at 0x0000000003ed9cb8 to 0x0000000003eda9a5
Event: 6.092 Thread 0x000000000376e800 Implicit null exception at 0x0000000003f03c03 to 0x0000000003f03e4d
Event: 10.044 Thread 0x000000000376e800 Implicit null exception at 0x0000000003b52415 to 0x0000000003b52619
Event: 10.045 Thread 0x000000000376e800 Implicit null exception at 0x0000000003c28def to 0x0000000003c28e59
Event: 11.031 Thread 0x000000000376e800 Implicit null exception at 0x000000000412cf17 to 0x000000000412d351
Event: 12.079 Thread 0x000000000376e800 Exception <a 'java/lang/ClassNotFoundException': com/sun/tools/javac/api/JavacTool> (0x000000076e0a1078) thrown at [C:\re\workspace\8-2-build-windows-amd64-cygwin\jdk8u181\11358\hotspot\src\share\vm\classfile\systemDictionary.cpp, line 210]
Event: 13.498 Thread 0x000000000376e800 Exception <a 'java/io/FileNotFoundException'> (0x000000076faf3eb0) thrown at [C:\re\workspace\8-2-build-windows-amd64-cygwin\jdk8u181\11358\hotspot\src\share\vm\prims\jni.cpp, line 709]
Event: 13.501 Thread 0x000000000376e800 Exception <a 'java/io/FileNotFoundException'> (0x000000076fb28818) thrown at [C:\re\workspace\8-2-build-windows-amd64-cygwin\jdk8u181\11358\hotspot\src\share\vm\prims\jni.cpp, line 709]
Event: 15.878 Thread 0x000000000376e800 Implicit null exception at 0x0000000003e864f3 to 0x0000000003e8691d
Event: 15.884 Thread 0x000000000376e800 Implicit null exception at 0x0000000003e20455 to 0x0000000003e20655

Events (10 events):
Event: 16.062 loading class java/lang/Class$EnclosingMethodInfo
Event: 16.062 loading class java/lang/Class$EnclosingMethodInfo done
Event: 16.072 loading class com/sun/source/tree/LambdaExpressionTree$BodyKind
Event: 16.072 loading class com/sun/source/tree/LambdaExpressionTree$BodyKind done
Event: 16.134 loading class com/sun/tools/javac/tree/JCTree$JCMemberReference$ReferenceKind
Event: 16.134 loading class com/sun/tools/javac/tree/JCTree$JCMemberReference$ReferenceKind done
Event: 16.134 loading class com/sun/tools/javac/tree/JCTree$JCMemberReference$OverloadKind
Event: 16.134 loading class com/sun/tools/javac/tree/JCTree$JCMemberReference$OverloadKind done
Event: 16.435 Executing VM operation: ParallelGCFailedAllocation
Event: 16.497 Executing VM operation: ParallelGCFailedAllocation done


Dynamic libraries:
0x00007ff60e700000 - 0x00007ff60e737000 	C:\Program Files\Java\jdk1.8.0_181\bin\java.exe
0x00007ffd4c400000 - 0x00007ffd4c609000 	C:\WINDOWS\SYSTEM32\ntdll.dll
0x00007ffd4a540000 - 0x00007ffd4a5fd000 	C:\WINDOWS\System32\KERNEL32.DLL
0x00007ffd49b40000 - 0x00007ffd49eb9000 	C:\WINDOWS\System32\KERNELBASE.dll
0x00007ffd4abb0000 - 0x00007ffd4ac5e000 	C:\WINDOWS\System32\ADVAPI32.dll
0x00007ffd4a2a0000 - 0x00007ffd4a343000 	C:\WINDOWS\System32\msvcrt.dll
0x00007ffd4a600000 - 0x00007ffd4a69e000 	C:\WINDOWS\System32\sechost.dll
0x00007ffd4a420000 - 0x00007ffd4a540000 	C:\WINDOWS\System32\RPCRT4.dll
0x00007ffd4bf00000 - 0x00007ffd4c0ac000 	C:\WINDOWS\System32\USER32.dll
0x00007ffd4a100000 - 0x00007ffd4a126000 	C:\WINDOWS\System32\win32u.dll
0x00007ffd4a7c0000 - 0x00007ffd4a7e9000 	C:\WINDOWS\System32\GDI32.dll
0x00007ffd49ec0000 - 0x00007ffd49fd2000 	C:\WINDOWS\System32\gdi32full.dll
0x00007ffd4a130000 - 0x00007ffd4a1cd000 	C:\WINDOWS\System32\msvcp_win.dll
0x00007ffd49fe0000 - 0x00007ffd4a0f1000 	C:\WINDOWS\System32\ucrtbase.dll
0x00007ffd2cd00000 - 0x00007ffd2cfa5000 	C:\WINDOWS\WinSxS\amd64_microsoft.windows.common-controls_6595b64144ccf1df_6.0.22000.120_none_9d947278b86cc467\COMCTL32.dll
0x00007ffd4c110000 - 0x00007ffd4c141000 	C:\WINDOWS\System32\IMM32.DLL
0x0000000059060000 - 0x0000000059132000 	C:\Program Files\Java\jdk1.8.0_181\jre\bin\msvcr100.dll
0x0000000057210000 - 0x0000000057ab2000 	C:\Program Files\Java\jdk1.8.0_181\jre\bin\server\jvm.dll
0x00007ffd4a290000 - 0x00007ffd4a298000 	C:\WINDOWS\System32\PSAPI.DLL
0x00007ffd3ecb0000 - 0x00007ffd3ece3000 	C:\WINDOWS\SYSTEM32\WINMM.dll
0x00007ffd45fc0000 - 0x00007ffd45fc9000 	C:\WINDOWS\SYSTEM32\WSOCK32.dll
0x00007ffd3e980000 - 0x00007ffd3e98a000 	C:\WINDOWS\SYSTEM32\VERSION.dll
0x00007ffd4a350000 - 0x00007ffd4a3bf000 	C:\WINDOWS\System32\WS2_32.dll
0x0000000059210000 - 0x000000005921f000 	C:\Program Files\Java\jdk1.8.0_181\jre\bin\verify.dll
0x00000000591e0000 - 0x0000000059209000 	C:\Program Files\Java\jdk1.8.0_181\jre\bin\java.dll
0x00000000591c0000 - 0x00000000591d6000 	C:\Program Files\Java\jdk1.8.0_181\jre\bin\zip.dll
0x00007ffd4ac60000 - 0x00007ffd4b418000 	C:\WINDOWS\System32\SHELL32.dll
0x00007ffd47a20000 - 0x00007ffd48287000 	C:\WINDOWS\SYSTEM32\windows.storage.dll
0x00007ffd4bb10000 - 0x00007ffd4be89000 	C:\WINDOWS\System32\combase.dll
0x00007ffd478b0000 - 0x00007ffd47a16000 	C:\WINDOWS\SYSTEM32\wintypes.dll
0x00007ffd4aa10000 - 0x00007ffd4aafa000 	C:\WINDOWS\System32\SHCORE.dll
0x00007ffd4a3c0000 - 0x00007ffd4a41d000 	C:\WINDOWS\System32\shlwapi.dll
0x00007ffd49810000 - 0x00007ffd49831000 	C:\WINDOWS\SYSTEM32\profapi.dll
0x00007ffd49140000 - 0x00007ffd49158000 	C:\WINDOWS\SYSTEM32\CRYPTSP.dll
0x00007ffd489b0000 - 0x00007ffd489e5000 	C:\WINDOWS\system32\rsaenh.dll
0x00007ffd48ff0000 - 0x00007ffd49019000 	C:\WINDOWS\SYSTEM32\USERENV.dll
0x00007ffd492c0000 - 0x00007ffd492e7000 	C:\WINDOWS\SYSTEM32\bcrypt.dll
0x00007ffd49ac0000 - 0x00007ffd49b3f000 	C:\WINDOWS\System32\bcryptprimitives.dll
0x00007ffd49160000 - 0x00007ffd4916c000 	C:\WINDOWS\SYSTEM32\CRYPTBASE.dll
0x00000000591a0000 - 0x00000000591ba000 	C:\Program Files\Java\jdk1.8.0_181\jre\bin\net.dll
0x00007ffd48f00000 - 0x00007ffd48f67000 	C:\WINDOWS\system32\mswsock.dll
0x00007ffd48550000 - 0x00007ffd4857d000 	C:\WINDOWS\SYSTEM32\IPHLPAPI.DLL
0x00007ffd4b990000 - 0x00007ffd4b999000 	C:\WINDOWS\System32\NSI.dll
0x00007ffd3e960000 - 0x00007ffd3e979000 	C:\WINDOWS\SYSTEM32\dhcpcsvc6.DLL
0x00007ffd3f100000 - 0x00007ffd3f11e000 	C:\WINDOWS\SYSTEM32\dhcpcsvc.DLL
0x00007ffd485c0000 - 0x00007ffd486a8000 	C:\WINDOWS\SYSTEM32\DNSAPI.dll
0x0000000059180000 - 0x0000000059191000 	C:\Program Files\Java\jdk1.8.0_181\jre\bin\nio.dll
0x00007ffd38180000 - 0x00007ffd3818a000 	C:\Users\admin\AppData\Local\Temp\jansi-1.17.1-9086384161769176055.dll
0x00007ffd38140000 - 0x00007ffd3814a000 	C:\Users\admin\AppData\Local\Temp\jansi-1.17.1-6111742645256059514.dll

VM Arguments:
jvm_args: -Dmaven.multiModuleProjectDirectory=D:\workSpace\nos_backend\modules\front -Dmaven.home=D:\apache-maven-3.6.3 -Dclassworlds.conf=D:\apache-maven-3.6.3\bin\m2.conf -Dmaven.ext.class.path=D:\IntelliJ IDEA 2020.1.4\plugins\maven\lib\maven-event-listener.jar -Dfile.encoding=UTF-8 
java_command: org.codehaus.classworlds.Launcher -Didea.version2020.1.4 -s D:\apache-maven-3.6.3\conf\settings.xml -Dmaven.repo.local=D:\apache-maven-3.6.3\maven-repository -DskipTests=true install
java_class_path (initial): D:\apache-maven-3.6.3\boot\plexus-classworlds-2.6.0.jar;D:\apache-maven-3.6.3\boot\plexus-classworlds.license
Launcher Type: SUN_STANDARD

Environment Variables:
JAVA_HOME=C:\Program Files\Java\jdk1.8.0_181
CLASSPATH=.;C:\Program Files\Java\jdk1.8.0_181\lib\dt.jar;C:\Program Files\Java\jdk1.8.0_181\lib\tools.jar
PATH=C:\Program Files (x86)\Common Files\Oracle\Java\javapath;C:\Windows\system32;C:\Windows;C:\Windows\System32\Wbem;C:\Windows\System32\WindowsPowerShell\v1.0\;C:\Windows\System32\OpenSSH\;C:\Program Files (x86)\NVIDIA Corporation\PhysX\Common;C:\Program Files\NVIDIA Corporation\NVIDIA NvDLISR;D:\nodejs\;C:\Program Files\Java\jdk1.8.0_181\bin;C:\Program Files\Java\jdk1.8.0_181\jre\bin;D:\Git\cmd;D:\erl-23.3\bin;D:\apache-maven-3.6.3\bin;;C:\WINDOWS\system32;C:\WINDOWS;C:\WINDOWS\System32\Wbem;C:\WINDOWS\System32\WindowsPowerShell\v1.0\;C:\WINDOWS\System32\OpenSSH\;C:\Users\admin\AppData\Local\Microsoft\WindowsApps;C:\Users\admin\AppData\Roaming\npm
USERNAME=admin
OS=Windows_NT
PROCESSOR_IDENTIFIER=Intel64 Family 6 Model 140 Stepping 1, GenuineIntel



---------------  S Y S T E M  ---------------

OS: Windows 10.0 , 64 bit Build 22000 (10.0.22000.708)

CPU:total 8 (initial active 8) (4 cores per cpu, 2 threads per core) family 6 model 140 stepping 1, cmov, cx8, fxsr, mmx, sse, sse2, sse3, ssse3, sse4.1, sse4.2, popcnt, avx, avx2, aes, clmul, erms, 3dnowpref, lzcnt, ht, tsc, tscinvbit, bmi1, bmi2, adx

Memory: 4k page, physical 16571704k(737728k free), swap 29678900k(5180k free)

vm_info: Java HotSpot(TM) 64-Bit Server VM (25.181-b13) for windows-amd64 JRE (1.8.0_181-b13), built on Jul  7 2018 04:01:33 by "java_re" with MS VC++ 10.0 (VS2010)

time: Thu Jul 21 14:05:54 2022
elapsed time: 16 seconds (0d 0h 0m 16s)

